#
# There is insufficient memory for the Java Runtime Environment to continue.
# Native memory allocation (mmap) failed to map 266338304 bytes for G1 virtual space
# Possible reasons:
#   The system is out of physical RAM or swap space
#   The process is running with CompressedOops enabled, and the Java Heap may be blocking the growth of the native heap
# Possible solutions:
#   Reduce memory load on the system
#   Increase physical memory or swap space
#   Check if swap backing store is full
#   Decrease Java heap size (-Xmx/-Xms)
#   Decrease number of Java threads
#   Decrease Java thread stack sizes (-Xss)
#   Set larger code cache with -XX:ReservedCodeCacheSize=
#   JVM is running with Zero Based Compressed Oops mode in which the Java heap is
#     placed in the first 32GB address space. The Java Heap base address is the
#     maximum limit for the native heap growth. Please use -XX:HeapBaseMinAddress
#     to set the Java Heap base and to place the Java Heap above 32GB virtual address.
# This output file may be truncated or incomplete.
#
#  Out of Memory Error (os_windows.cpp:3548), pid=11064, tid=13728
#
# JRE version:  (17.0.11+7) (build )
# Java VM: Java HotSpot(TM) 64-Bit Server VM (17.0.11+7-LTS-207, mixed mode, sharing, tiered, compressed oops, compressed class ptrs, g1 gc, windows-amd64)
# No core dump will be written. Minidumps are not enabled by default on client versions of Windows
#

---------------  S U M M A R Y ------------

Command Line: -Dfile.encoding=UTF-8 -XX:+ShowCodeDetailsInExceptionMessages user.main.HelloSpring

Host: Intel(R) Core(TM) i7-9700 CPU @ 3.00GHz, 8 cores, 15G,  Windows 11 , 64 bit Build 22621 (10.0.22621.3958)
Time: Mon Oct  7 16:13:56 2024  Windows 11 , 64 bit Build 22621 (10.0.22621.3958) elapsed time: 0.008996 seconds (0d 0h 0m 0s)

---------------  T H R E A D  ---------------

Current thread (0x0000020ce5310600):  JavaThread "Unknown thread" [_thread_in_vm, id=13728, stack(0x000000fc69b00000,0x000000fc69c00000)]

Stack: [0x000000fc69b00000,0x000000fc69c00000]
Native frames: (J=compiled Java code, j=interpreted, Vv=VM code, C=native code)
V  [jvm.dll+0x679cca]
V  [jvm.dll+0x7da13d]
V  [jvm.dll+0x7dba83]
V  [jvm.dll+0x7dc0f3]
V  [jvm.dll+0x2449af]
V  [jvm.dll+0x676ce9]
V  [jvm.dll+0x66b852]
V  [jvm.dll+0x3018d6]
V  [jvm.dll+0x308e76]
V  [jvm.dll+0x3596ee]
V  [jvm.dll+0x35991f]
V  [jvm.dll+0x2d89a8]
V  [jvm.dll+0x2d9914]
V  [jvm.dll+0x7ac6b1]
V  [jvm.dll+0x366f61]
V  [jvm.dll+0x78b609]
V  [jvm.dll+0x3ec22f]
V  [jvm.dll+0x3ede61]
C  [jli.dll+0x5297]
C  [ucrtbase.dll+0x29333]
C  [KERNEL32.DLL+0x1257d]
C  [ntdll.dll+0x5af28]


---------------  P R O C E S S  ---------------

Threads class SMR info:
_java_thread_list=0x00007ffb49517a18, length=0, elements={
}

Java Threads: ( => current thread )

Other Threads:
  0x0000020ce537fbb0 GCTaskThread "GC Thread#0" [stack: 0x000000fc69c00000,0x000000fc69d00000] [id=15852]
  0x0000020ce5390780 ConcurrentGCThread "G1 Main Marker" [stack: 0x000000fc69d00000,0x000000fc69e00000] [id=17496]
  0x0000020ce5391830 ConcurrentGCThread "G1 Conc#0" [stack: 0x000000fc69e00000,0x000000fc69f00000] [id=11212]

[error occurred during error reporting (printing all threads), id 0xc0000005, EXCEPTION_ACCESS_VIOLATION (0xc0000005) at pc=0x00007ffb48d49497]

VM state: not at safepoint (not fully initialized)

VM Mutex/Monitor currently owned by a thread:  ([mutex/lock_event])
[0x0000020ce31c21f0] Heap_lock - owner thread: 0x0000020ce5310600

Heap address: 0x0000000702800000, size: 4056 MB, Compressed Oops mode: Zero based, Oop shift amount: 3

CDS archive(s) mapped at: [0x0000000000000000-0x0000000000000000-0x0000000000000000), size 0, SharedBaseAddress: 0x0000000800000000, ArchiveRelocationMode: 1.
Narrow klass base: 0x0000000000000000, Narrow klass shift: 0, Narrow klass range: 0x0

GC Precious Log:
<Empty>

Heap:
 garbage-first heap   total 0K, used 0K [0x0000000702800000, 0x0000000800000000)
  region size 2048K, 0 young (0K), 0 survivors (0K)

[error occurred during error reporting (printing heap information), id 0xc0000005, EXCEPTION_ACCESS_VIOLATION (0xc0000005) at pc=0x00007ffb49133559]

GC Heap History (0 events):
No events

Deoptimization events (0 events):
No events

Classes unloaded (0 events):
No events

Classes redefined (0 events):
No events

Internal exceptions (0 events):
No events

VM Operations (0 events):
No events

Events (1 events):
Event: 0.005 Loaded shared library C:\Program Files\Java\jdk-17\bin\java.dll


Dynamic libraries:
0x00007ff6579f0000 - 0x00007ff657a00000 	C:\Program Files\Java\jdk-17\bin\javaw.exe
0x00007ffb9b790000 - 0x00007ffb9b9a7000 	C:\Windows\SYSTEM32\ntdll.dll
0x00007ffb9a0d0000 - 0x00007ffb9a194000 	C:\Windows\System32\KERNEL32.DLL
0x00007ffb98ab0000 - 0x00007ffb98e5d000 	C:\Windows\System32\KERNELBASE.dll
0x00007ffb98e60000 - 0x00007ffb98f71000 	C:\Windows\System32\ucrtbase.dll
0x00007ffb844f0000 - 0x00007ffb8450b000 	C:\Program Files\Java\jdk-17\bin\VCRUNTIME140.dll
0x00007ffb85730000 - 0x00007ffb85749000 	C:\Program Files\Java\jdk-17\bin\jli.dll
0x00007ffb9a720000 - 0x00007ffb9a7d2000 	C:\Windows\System32\ADVAPI32.dll
0x00007ffb9ab90000 - 0x00007ffb9ac37000 	C:\Windows\System32\msvcrt.dll
0x00007ffb99780000 - 0x00007ffb99829000 	C:\Windows\System32\sechost.dll
0x00007ffb99490000 - 0x00007ffb994b8000 	C:\Windows\System32\bcrypt.dll
0x00007ffb9a7e0000 - 0x00007ffb9a8f4000 	C:\Windows\System32\RPCRT4.dll
0x00007ffb9a1a0000 - 0x00007ffb9a34e000 	C:\Windows\System32\USER32.dll
0x00007ffb993e0000 - 0x00007ffb99406000 	C:\Windows\System32\win32u.dll
0x00007ffb6f4f0000 - 0x00007ffb6f783000 	C:\Windows\WinSxS\amd64_microsoft.windows.common-controls_6595b64144ccf1df_6.0.22621.3672_none_2713b9d173822955\COMCTL32.dll
0x00007ffb9adf0000 - 0x00007ffb9ae19000 	C:\Windows\System32\GDI32.dll
0x00007ffb99220000 - 0x00007ffb99339000 	C:\Windows\System32\gdi32full.dll
0x00007ffb99340000 - 0x00007ffb993da000 	C:\Windows\System32\msvcp_win.dll
0x00007ffb92890000 - 0x00007ffb9289a000 	C:\Windows\SYSTEM32\VERSION.dll
0x00007ffb9a6e0000 - 0x00007ffb9a711000 	C:\Windows\System32\IMM32.DLL
0x00007ffb95740000 - 0x00007ffb9574c000 	C:\Program Files\Java\jdk-17\bin\vcruntime140_1.dll
0x00007ffb7bef0000 - 0x00007ffb7bf7e000 	C:\Program Files\Java\jdk-17\bin\msvcp140.dll
0x00007ffb48a60000 - 0x00007ffb49640000 	C:\Program Files\Java\jdk-17\bin\server\jvm.dll
0x00007ffb9a0c0000 - 0x00007ffb9a0c8000 	C:\Windows\System32\PSAPI.DLL
0x00007ffb863b0000 - 0x00007ffb863e4000 	C:\Windows\SYSTEM32\WINMM.dll
0x00007ffb76ea0000 - 0x00007ffb76ea9000 	C:\Windows\SYSTEM32\WSOCK32.dll
0x00007ffb99830000 - 0x00007ffb998a1000 	C:\Windows\System32\WS2_32.dll
0x00007ffb97b00000 - 0x00007ffb97b18000 	C:\Windows\SYSTEM32\kernel.appcore.dll
0x00007ffb862d0000 - 0x00007ffb862da000 	C:\Program Files\Java\jdk-17\bin\jimage.dll
0x00007ffb81d50000 - 0x00007ffb81f82000 	C:\Windows\SYSTEM32\DBGHELP.DLL
0x00007ffb9a350000 - 0x00007ffb9a6de000 	C:\Windows\System32\combase.dll
0x00007ffb99620000 - 0x00007ffb996f7000 	C:\Windows\System32\OLEAUT32.dll
0x00007ffb7fbc0000 - 0x00007ffb7fbf2000 	C:\Windows\SYSTEM32\dbgcore.DLL
0x00007ffb99410000 - 0x00007ffb9948b000 	C:\Windows\System32\bcryptPrimitives.dll
0x00007ffb84430000 - 0x00007ffb84455000 	C:\Program Files\Java\jdk-17\bin\java.dll

dbghelp: loaded successfully - version: 4.0.5 - missing functions: none
symbol engine: initialized successfully - sym options: 0x614 - pdb path: .;C:\Program Files\Java\jdk-17\bin;C:\Windows\SYSTEM32;C:\Windows\WinSxS\amd64_microsoft.windows.common-controls_6595b64144ccf1df_6.0.22621.3672_none_2713b9d173822955;C:\Program Files\Java\jdk-17\bin\server

VM Arguments:
jvm_args: -Dfile.encoding=UTF-8 -XX:+ShowCodeDetailsInExceptionMessages 
java_command: user.main.HelloSpring
java_class_path (initial): D:\Spring\workspace\Chapter05_ANNO\target\classes;C:\Users\bitcamp\.m2\repository\org\springframework\spring-context\5.3.37\spring-context-5.3.37.jar;C:\Users\bitcamp\.m2\repository\org\springframework\spring-aop\5.3.37\spring-aop-5.3.37.jar;C:\Users\bitcamp\.m2\repository\org\springframework\spring-beans\5.3.37\spring-beans-5.3.37.jar;C:\Users\bitcamp\.m2\repository\org\springframework\spring-core\5.3.37\spring-core-5.3.37.jar;C:\Users\bitcamp\.m2\repository\org\springframework\spring-jcl\5.3.37\spring-jcl-5.3.37.jar;C:\Users\bitcamp\.m2\repository\org\springframework\spring-expression\5.3.37\spring-expression-5.3.37.jar;C:\Users\bitcamp\.m2\repository\org\springframework\spring-jdbc\5.3.37\spring-jdbc-5.3.37.jar;C:\Users\bitcamp\.m2\repository\org\springframework\spring-tx\5.3.37\spring-tx-5.3.37.jar;C:\Users\bitcamp\.m2\repository\org\apache\commons\commons-collections4\4.4\commons-collections4-4.4.jar;C:\Users\bitcamp\.m2\repository\org\apache\commons\commons-dbcp2\2.11.0\commons-dbcp2-2.11.0.jar;C:\Users\bitcamp\.m2\repository\org\apache\commons\commons-pool2\2.12.0\commons-pool2-2.12.0.jar;C:\Users\bitcamp\.m2\repository\commons-logging\commons-logging\1.2\commons-logging-1.2.jar;C:\Users\bitcamp\.m2\repository\jakarta\transaction\jakarta.transaction-api\1.3.3\jakarta.transaction-api-1.3.3.jar;C:\Users\bitcamp\.m2\repository\com\mysql\mysql-connector-j\8.3.0\mysql-connector-j-8.3.0.jar;C:\Users\bitcamp\.m2\repository\com\google\protobuf\protobuf-java\3.25.1\protobuf-java-3.25.1.jar;C:\Users\bitcamp\.m2\repository\org\mybatis\mybatis\3.5.16\mybatis-3.5.16.jar;C:\Users\bitcamp\.m2\repository\org\mybatis\mybatis-spring\3.0.3\mybatis-spring-3.0.3.jar;C:\Users\bitcamp\.m2\repository\org\projectlombok\lombok\1.18.30\lombok-1.18.30.jar
Launcher Type: SUN_STANDARD

[Global flags]
     intx CICompilerCount                          = 4                                         {product} {ergonomic}
     uint ConcGCThreads                            = 2                                         {product} {ergonomic}
     uint G1ConcRefinementThreads                  = 8                                         {product} {ergonomic}
   size_t G1HeapRegionSize                         = 2097152                                   {product} {ergonomic}
    uintx GCDrainStackTargetSize                   = 64                                        {product} {ergonomic}
   size_t InitialHeapSize                          = 266338304                                 {product} {ergonomic}
   size_t MarkStackSize                            = 4194304                                   {product} {ergonomic}
   size_t MaxHeapSize                              = 4253024256                                {product} {ergonomic}
   size_t MinHeapDeltaBytes                        = 2097152                                   {product} {ergonomic}
   size_t MinHeapSize                              = 8388608                                   {product} {ergonomic}
    uintx NonNMethodCodeHeapSize                   = 5839372                                {pd product} {ergonomic}
    uintx NonProfiledCodeHeapSize                  = 122909434                              {pd product} {ergonomic}
    uintx ProfiledCodeHeapSize                     = 122909434                              {pd product} {ergonomic}
    uintx ReservedCodeCacheSize                    = 251658240                              {pd product} {ergonomic}
     bool SegmentedCodeCache                       = true                                      {product} {ergonomic}
     bool ShowCodeDetailsInExceptionMessages       = true                                   {manageable} {command line}
   size_t SoftMaxHeapSize                          = 4253024256                             {manageable} {ergonomic}
     bool UseCompressedClassPointers               = true                           {product lp64_product} {ergonomic}
     bool UseCompressedOops                        = true                           {product lp64_product} {ergonomic}
     bool UseG1GC                                  = true                                      {product} {ergonomic}
     bool UseLargePagesIndividualAllocation        = false                                  {pd product} {ergonomic}

Logging:
Log output configuration:
 #0: stdout all=warning uptime,level,tags
 #1: stderr all=off uptime,level,tags

Environment Variables:
JAVA_HOME=C:\Program Files\Java\jdk-17
CLASSPATH=C:\Tomcat 9.0\lib\servlet-api.jar
PATH=C:\app\bitcamp\product\21c\dbhomeXE\bin;C:\Program Files\Java\jdk-17bin;C:\Program Files\Common Files\Oracle\Java\javapath;C:\Windows\system32;C:\Windows;C:\Windows\System32\Wbem;C:\Windows\System32\WindowsPowerShell\v1.0\;C:\Windows\System32\OpenSSH\;C:\Program Files\Bandizip\;C:\Program Files\Git\cmd;C:\Users\bitcamp\AppData\Local\Microsoft\WindowsApps;C:\Users\bitcamp\AppData\Local\Programs\Microsoft VS Code\bin;C:\Users\bitcamp\AppData\Local\GitHubDesktop\bin
USERNAME=bitcamp
OS=Windows_NT
PROCESSOR_IDENTIFIER=Intel64 Family 6 Model 158 Stepping 13, GenuineIntel



---------------  S Y S T E M  ---------------

OS:
 Windows 11 , 64 bit Build 22621 (10.0.22621.3958)
OS uptime: 12 days 4:30 hours

CPU: total 8 (initial active 8) (8 cores per cpu, 1 threads per core) family 6 model 158 stepping 13 microcode 0xec, cx8, cmov, fxsr, mmx, 3dnowpref, sse, sse2, sse3, ssse3, sse4.1, sse4.2, popcnt, lzcnt, tsc, tscinvbit, avx, avx2, aes, erms, clmul, bmi1, bmi2, adx, fma, vzeroupper, clflush, clflushopt

Memory: 4k page, system-wide physical 16222M (2658M free)
TotalPageFile size 46624M (AvailPageFile size 68M)
current process WorkingSet (physical memory assigned to process): 11M, peak: 11M
current process commit charge ("private bytes"): 60M, peak: 314M

vm_info: Java HotSpot(TM) 64-Bit Server VM (17.0.11+7-LTS-207) for windows-amd64 JRE (17.0.11+7-LTS-207), built on Mar 11 2024 19:01:50 by "mach5one" with MS VC++ 17.6 (VS2022)

END.
